2017-06-12 16:33:49,213 DEBUG: we are in the root [in /Users/Andrey/PycharmProjects/skynet/skynet/views.py:39]
2017-06-12 16:33:51,118 DEBUG: we are in the root [in /Users/Andrey/PycharmProjects/skynet/skynet/views.py:39]
2017-06-12 17:46:13,326 DEBUG: we are in the root [in /Users/Andrey/PycharmProjects/skynet/skynet/views.py:39]
2017-06-12 17:46:14,832 DEBUG: we are in the root [in /Users/Andrey/PycharmProjects/skynet/skynet/views.py:39]
2017-06-12 17:46:17,933 DEBUG: we are in the root [in /Users/Andrey/PycharmProjects/skynet/skynet/views.py:39]
2017-06-13 13:17:26,423 DEBUG: we are in the root [in /Users/Andrey/PycharmProjects/skynet/skynet/views.py:39]
2017-06-13 13:17:27,293 DEBUG: we are in the root [in /Users/Andrey/PycharmProjects/skynet/skynet/views.py:39]
2017-06-13 13:21:11,626 DEBUG: invalid uname [in /Users/Andrey/PycharmProjects/skynet/skynet/views.py:92]
2017-06-13 13:21:17,714 DEBUG: invalid pswd [in /Users/Andrey/PycharmProjects/skynet/skynet/views.py:95]
2017-06-13 13:22:42,899 DEBUG: we are in the root [in /Users/Andrey/PycharmProjects/skynet/skynet/views.py:39]
2017-06-13 13:24:02,954 DEBUG: we are in the root [in /Users/Andrey/PycharmProjects/skynet/skynet/views.py:39]
2017-06-13 13:24:03,198 DEBUG: we are in the root [in /Users/Andrey/PycharmProjects/skynet/skynet/views.py:39]
2017-06-13 13:24:53,512 DEBUG: we are in the root [in /Users/Andrey/PycharmProjects/skynet/skynet/views.py:39]
2017-06-13 13:25:16,473 DEBUG: we are in the root [in /Users/Andrey/PycharmProjects/skynet/skynet/views.py:39]
2017-06-13 13:26:01,608 DEBUG: we are in the root [in /Users/Andrey/PycharmProjects/skynet/skynet/views.py:39]
2017-06-13 13:26:32,969 DEBUG: we are in the root [in /Users/Andrey/PycharmProjects/skynet/skynet/views.py:39]
2017-06-13 13:31:41,227 DEBUG: we are in the root [in /Users/Andrey/PycharmProjects/skynet/skynet/views.py:39]
2017-06-13 13:31:42,043 DEBUG: we are in the root [in /Users/Andrey/PycharmProjects/skynet/skynet/views.py:39]
2017-06-13 13:31:42,859 DEBUG: we are in the root [in /Users/Andrey/PycharmProjects/skynet/skynet/views.py:39]
2017-06-13 13:31:46,848 DEBUG: we are in the root [in /Users/Andrey/PycharmProjects/skynet/skynet/views.py:39]
2017-06-13 13:31:53,798 DEBUG: invalid pswd [in /Users/Andrey/PycharmProjects/skynet/skynet/views.py:98]
2017-06-13 13:33:07,276 DEBUG: invalid pswd [in /Users/Andrey/PycharmProjects/skynet/skynet/views.py:97]
2017-06-13 13:33:14,625 DEBUG: invalid pswd [in /Users/Andrey/PycharmProjects/skynet/skynet/views.py:97]
2017-06-13 13:33:20,872 DEBUG: invalid pswd [in /Users/Andrey/PycharmProjects/skynet/skynet/views.py:97]
2017-06-13 13:33:28,920 DEBUG: we are in the root [in /Users/Andrey/PycharmProjects/skynet/skynet/views.py:38]
2017-06-13 13:33:31,934 DEBUG: invalid uname [in /Users/Andrey/PycharmProjects/skynet/skynet/views.py:94]
2017-06-13 13:34:58,022 DEBUG: we are logged in [in /Users/Andrey/PycharmProjects/skynet/skynet/views.py:101]
2017-06-13 13:39:05,063 DEBUG: we are logged in [in /Users/Andrey/PycharmProjects/skynet/skynet/views.py:100]
2017-06-13 13:39:05,084 DEBUG: we are in the root [in /Users/Andrey/PycharmProjects/skynet/skynet/views.py:29]
2017-06-13 13:39:41,650 DEBUG: we are in the root [in /Users/Andrey/PycharmProjects/skynet/skynet/views.py:38]
2017-06-13 13:40:40,257 DEBUG: we are in the root [in /Users/Andrey/PycharmProjects/skynet/skynet/views.py:38]
2017-06-13 13:40:41,492 DEBUG: we are in the root [in /Users/Andrey/PycharmProjects/skynet/skynet/views.py:38]
2017-06-13 13:41:23,467 DEBUG: we are in the root [in /Users/Andrey/PycharmProjects/skynet/skynet/views.py:38]
2017-06-13 13:41:24,597 DEBUG: we are in the root [in /Users/Andrey/PycharmProjects/skynet/skynet/views.py:38]
2017-06-13 13:42:00,937 DEBUG: we are in the root [in /Users/Andrey/PycharmProjects/skynet/skynet/views.py:38]
2017-06-13 13:42:18,946 DEBUG: we are in the root [in /Users/Andrey/PycharmProjects/skynet/skynet/views.py:38]
2017-06-13 13:42:19,846 DEBUG: we are logged out [in /Users/Andrey/PycharmProjects/skynet/skynet/views.py:109]
2017-06-13 13:42:19,862 DEBUG: we are in the root [in /Users/Andrey/PycharmProjects/skynet/skynet/views.py:29]
2017-06-13 13:42:21,589 DEBUG: we are logged out [in /Users/Andrey/PycharmProjects/skynet/skynet/views.py:109]
2017-06-13 13:42:21,596 DEBUG: we are in the root [in /Users/Andrey/PycharmProjects/skynet/skynet/views.py:29]
2017-06-13 13:42:22,685 DEBUG: we are logged out [in /Users/Andrey/PycharmProjects/skynet/skynet/views.py:109]
2017-06-13 13:42:22,694 DEBUG: we are in the root [in /Users/Andrey/PycharmProjects/skynet/skynet/views.py:29]
2017-06-13 13:43:14,584 DEBUG: we are in the root [in /Users/Andrey/PycharmProjects/skynet/skynet/views.py:29]
2017-06-13 13:43:40,171 DEBUG: we are in the root [in /Users/Andrey/PycharmProjects/skynet/skynet/views.py:29]
2017-06-13 13:43:53,660 DEBUG: we are in the root [in /Users/Andrey/PycharmProjects/skynet/skynet/views.py:29]
2017-06-13 13:43:54,368 DEBUG: we are in the root [in /Users/Andrey/PycharmProjects/skynet/skynet/views.py:29]
2017-06-13 13:44:12,290 DEBUG: we are in the root [in /Users/Andrey/PycharmProjects/skynet/skynet/views.py:38]
2017-06-13 13:45:05,830 DEBUG: we are in the root [in /Users/Andrey/PycharmProjects/skynet/skynet/views.py:38]
2017-06-13 13:45:57,376 DEBUG: we are in the root [in /Users/Andrey/PycharmProjects/skynet/skynet/views.py:38]
2017-06-13 13:45:59,063 DEBUG: we are logged in [in /Users/Andrey/PycharmProjects/skynet/skynet/views.py:101]
2017-06-13 13:45:59,078 DEBUG: we are in the root [in /Users/Andrey/PycharmProjects/skynet/skynet/views.py:29]
2017-06-13 13:46:02,062 DEBUG: we are logged out [in /Users/Andrey/PycharmProjects/skynet/skynet/views.py:110]
2017-06-13 13:47:27,726 DEBUG: we are logged out [in /Users/Andrey/PycharmProjects/skynet/skynet/views.py:110]
2017-06-13 13:48:18,389 DEBUG: we are logged out [in /Users/Andrey/PycharmProjects/skynet/skynet/views.py:110]
2017-06-13 13:48:52,386 DEBUG: we are in the root [in /Users/Andrey/PycharmProjects/skynet/skynet/views.py:29]
2017-06-13 13:48:54,394 DEBUG: we are logged out [in /Users/Andrey/PycharmProjects/skynet/skynet/views.py:110]
2017-06-13 13:49:12,871 DEBUG: we are in the root [in /Users/Andrey/PycharmProjects/skynet/skynet/views.py:29]
2017-06-13 13:49:15,267 DEBUG: we are logged out [in /Users/Andrey/PycharmProjects/skynet/skynet/views.py:110]
2017-06-13 13:50:30,624 DEBUG: we are logged out [in /Users/Andrey/PycharmProjects/skynet/skynet/views.py:110]
2017-06-13 13:50:30,625 DEBUG: we are in the root [in /Users/Andrey/PycharmProjects/skynet/skynet/views.py:29]
2017-06-13 13:50:33,386 DEBUG: we are logged in [in /Users/Andrey/PycharmProjects/skynet/skynet/views.py:101]
2017-06-13 13:50:33,403 DEBUG: we are in the root [in /Users/Andrey/PycharmProjects/skynet/skynet/views.py:71]
2017-06-13 13:50:34,648 DEBUG: we are logged out [in /Users/Andrey/PycharmProjects/skynet/skynet/views.py:110]
2017-06-13 13:50:34,649 DEBUG: we are in the root [in /Users/Andrey/PycharmProjects/skynet/skynet/views.py:29]
2017-06-13 13:50:35,923 DEBUG: we are logged in [in /Users/Andrey/PycharmProjects/skynet/skynet/views.py:101]
2017-06-13 13:50:35,938 DEBUG: we are in the root [in /Users/Andrey/PycharmProjects/skynet/skynet/views.py:71]
2017-06-13 13:50:41,384 DEBUG: we are logged out [in /Users/Andrey/PycharmProjects/skynet/skynet/views.py:110]
2017-06-13 13:50:41,385 DEBUG: we are in the root [in /Users/Andrey/PycharmProjects/skynet/skynet/views.py:29]
2017-06-13 13:50:43,174 DEBUG: we are logged in [in /Users/Andrey/PycharmProjects/skynet/skynet/views.py:101]
2017-06-13 13:50:43,187 DEBUG: we are in the root [in /Users/Andrey/PycharmProjects/skynet/skynet/views.py:71]
2017-06-13 13:58:11,931 DEBUG: we are in the root [in /Users/Andrey/PycharmProjects/skynet/skynet/views.py:29]
2017-06-13 13:58:18,538 DEBUG: we are logged out [in /Users/Andrey/PycharmProjects/skynet/skynet/views.py:110]
2017-06-13 13:58:18,538 DEBUG: we are in the root [in /Users/Andrey/PycharmProjects/skynet/skynet/views.py:29]
2017-06-13 13:58:19,749 DEBUG: we are logged in [in /Users/Andrey/PycharmProjects/skynet/skynet/views.py:101]
2017-06-13 13:58:19,761 DEBUG: we are in the root [in /Users/Andrey/PycharmProjects/skynet/skynet/views.py:71]
2017-06-13 13:59:09,739 DEBUG: we are in the root [in /Users/Andrey/PycharmProjects/skynet/skynet/views.py:71]
2017-06-13 13:59:10,549 DEBUG: we are in the root [in /Users/Andrey/PycharmProjects/skynet/skynet/views.py:71]
2017-06-13 13:59:11,186 DEBUG: we are in the root [in /Users/Andrey/PycharmProjects/skynet/skynet/views.py:71]
2017-06-13 13:59:29,974 DEBUG: we are in the root [in /Users/Andrey/PycharmProjects/skynet/skynet/views.py:71]
2017-06-13 14:00:08,750 DEBUG: we are in the root [in /Users/Andrey/PycharmProjects/skynet/skynet/views.py:71]
2017-06-13 14:00:08,765 DEBUG: we are in the root [in /Users/Andrey/PycharmProjects/skynet/skynet/views.py:71]
2017-06-13 14:00:10,030 DEBUG: we are in the root [in /Users/Andrey/PycharmProjects/skynet/skynet/views.py:71]
2017-06-13 14:00:10,827 DEBUG: we are in the root [in /Users/Andrey/PycharmProjects/skynet/skynet/views.py:71]
2017-06-13 14:00:30,522 DEBUG: we are in the root [in /Users/Andrey/PycharmProjects/skynet/skynet/views.py:71]
2017-06-13 14:00:31,379 DEBUG: we are in the root [in /Users/Andrey/PycharmProjects/skynet/skynet/views.py:71]
2017-06-13 14:00:41,281 DEBUG: we are in the root [in /Users/Andrey/PycharmProjects/skynet/skynet/views.py:71]
2017-06-13 14:01:06,639 DEBUG: we are in the root [in /Users/Andrey/PycharmProjects/skynet/skynet/views.py:71]
2017-06-13 14:01:07,812 DEBUG: we are in the root [in /Users/Andrey/PycharmProjects/skynet/skynet/views.py:71]
2017-06-13 14:01:08,793 DEBUG: we are in the root [in /Users/Andrey/PycharmProjects/skynet/skynet/views.py:71]
2017-06-13 14:01:09,629 DEBUG: we are in the root [in /Users/Andrey/PycharmProjects/skynet/skynet/views.py:71]
2017-06-13 14:01:10,401 DEBUG: we are in the root [in /Users/Andrey/PycharmProjects/skynet/skynet/views.py:71]
2017-06-13 14:01:45,315 DEBUG: we are in the root [in /Users/Andrey/PycharmProjects/skynet/skynet/views.py:71]
2017-06-13 14:02:01,468 DEBUG: we are in the root [in /Users/Andrey/PycharmProjects/skynet/skynet/views.py:71]
2017-06-13 14:02:13,789 DEBUG: we are in the root [in /Users/Andrey/PycharmProjects/skynet/skynet/views.py:71]
2017-06-13 14:03:23,245 DEBUG: we are in the root [in /Users/Andrey/PycharmProjects/skynet/skynet/views.py:71]
2017-06-13 14:03:38,476 DEBUG: we are in the root [in /Users/Andrey/PycharmProjects/skynet/skynet/views.py:71]
2017-06-13 14:04:11,946 DEBUG: we are in the root [in /Users/Andrey/PycharmProjects/skynet/skynet/views.py:71]
2017-06-13 14:05:05,363 DEBUG: we are in the root [in /Users/Andrey/PycharmProjects/skynet/skynet/views.py:71]
2017-06-13 14:05:37,805 DEBUG: we are in the root [in /Users/Andrey/PycharmProjects/skynet/skynet/views.py:71]
2017-06-13 14:05:38,724 DEBUG: we are in the root [in /Users/Andrey/PycharmProjects/skynet/skynet/views.py:71]
2017-06-13 14:05:55,518 DEBUG: we are in the root [in /Users/Andrey/PycharmProjects/skynet/skynet/views.py:71]
2017-06-13 14:06:05,225 DEBUG: we are in the root [in /Users/Andrey/PycharmProjects/skynet/skynet/views.py:71]
2017-06-13 14:06:14,855 DEBUG: we are in the root [in /Users/Andrey/PycharmProjects/skynet/skynet/views.py:71]
2017-06-13 14:06:15,680 DEBUG: we are in the root [in /Users/Andrey/PycharmProjects/skynet/skynet/views.py:71]
2017-06-13 14:06:16,964 DEBUG: we are in the root [in /Users/Andrey/PycharmProjects/skynet/skynet/views.py:71]
2017-06-13 14:06:18,144 DEBUG: we are in the root [in /Users/Andrey/PycharmProjects/skynet/skynet/views.py:71]
2017-06-13 14:06:56,231 DEBUG: we are in the root [in /Users/Andrey/PycharmProjects/skynet/skynet/views.py:71]
2017-06-13 14:06:57,122 DEBUG: we are in the root [in /Users/Andrey/PycharmProjects/skynet/skynet/views.py:71]
2017-06-13 14:06:57,990 DEBUG: we are in the root [in /Users/Andrey/PycharmProjects/skynet/skynet/views.py:71]
2017-06-13 14:06:58,613 DEBUG: we are in the root [in /Users/Andrey/PycharmProjects/skynet/skynet/views.py:71]
2017-06-13 14:07:54,135 DEBUG: we are in the root [in /Users/Andrey/PycharmProjects/skynet/skynet/views.py:71]
2017-06-13 14:08:04,903 DEBUG: we are in the root [in /Users/Andrey/PycharmProjects/skynet/skynet/views.py:71]
2017-06-13 14:08:14,416 DEBUG: we are in the root [in /Users/Andrey/PycharmProjects/skynet/skynet/views.py:71]
2017-06-13 14:15:40,611 DEBUG: we are in the root [in /Users/Andrey/PycharmProjects/skynet/skynet/views.py:71]
2017-06-13 14:15:41,608 DEBUG: we are in the root [in /Users/Andrey/PycharmProjects/skynet/skynet/views.py:71]
2017-06-13 14:16:26,124 DEBUG: we are in the root [in /Users/Andrey/PycharmProjects/skynet/skynet/views.py:71]
2017-06-13 14:17:09,523 DEBUG: we are in the root [in /Users/Andrey/PycharmProjects/skynet/skynet/views.py:71]
2017-06-13 14:24:26,158 DEBUG: we are in the root [in /Users/Andrey/PycharmProjects/skynet/skynet/views.py:71]
2017-06-13 14:24:45,263 DEBUG: we are in the root [in /Users/Andrey/PycharmProjects/skynet/skynet/views.py:71]
2017-06-13 14:26:43,125 DEBUG: we are in the root [in /Users/Andrey/PycharmProjects/skynet/skynet/views.py:71]
2017-06-13 14:27:23,046 DEBUG: we are in the root [in /Users/Andrey/PycharmProjects/skynet/skynet/views.py:71]
2017-06-13 14:28:22,769 DEBUG: we are in the root [in /Users/Andrey/PycharmProjects/skynet/skynet/views.py:71]
2017-06-13 14:28:25,269 DEBUG: we are in the root [in /Users/Andrey/PycharmProjects/skynet/skynet/views.py:71]
2017-06-13 14:28:40,661 DEBUG: we are in the root [in /Users/Andrey/PycharmProjects/skynet/skynet/views.py:71]
2017-06-13 14:28:59,802 DEBUG: we are in the root [in /Users/Andrey/PycharmProjects/skynet/skynet/views.py:71]
2017-06-13 14:30:01,262 DEBUG: we are in the root [in /Users/Andrey/PycharmProjects/skynet/skynet/views.py:71]
2017-06-13 14:30:26,238 DEBUG: we are in the root [in /Users/Andrey/PycharmProjects/skynet/skynet/views.py:71]
2017-06-13 14:30:26,256 DEBUG: we are in the root [in /Users/Andrey/PycharmProjects/skynet/skynet/views.py:71]
2017-06-13 14:30:41,844 DEBUG: we are in the root [in /Users/Andrey/PycharmProjects/skynet/skynet/views.py:71]
2017-06-13 14:33:52,933 DEBUG: we are in the root [in /Users/Andrey/PycharmProjects/skynet/skynet/views.py:71]
2017-06-13 14:34:23,342 DEBUG: we are in the root [in /Users/Andrey/PycharmProjects/skynet/skynet/views.py:71]
2017-06-13 14:34:49,288 DEBUG: we are in the root [in /Users/Andrey/PycharmProjects/skynet/skynet/views.py:71]
2017-06-13 14:39:00,349 DEBUG: we are in the root [in /Users/Andrey/PycharmProjects/skynet/skynet/views.py:71]
2017-06-13 14:39:01,743 DEBUG: we are in the root [in /Users/Andrey/PycharmProjects/skynet/skynet/views.py:71]
2017-06-13 14:39:08,506 DEBUG: we are in the root [in /Users/Andrey/PycharmProjects/skynet/skynet/views.py:71]
2017-06-13 14:39:12,265 DEBUG: we are in the root [in /Users/Andrey/PycharmProjects/skynet/skynet/views.py:29]
2017-06-13 14:39:39,052 DEBUG: we are in the root [in /Users/Andrey/PycharmProjects/skynet/skynet/views.py:29]
2017-06-13 14:39:51,539 DEBUG: we are in the root [in /Users/Andrey/PycharmProjects/skynet/skynet/views.py:29]
2017-06-13 14:40:21,246 DEBUG: we are in the root [in /Users/Andrey/PycharmProjects/skynet/skynet/views.py:29]
2017-06-13 14:40:21,269 DEBUG: we are in the root [in /Users/Andrey/PycharmProjects/skynet/skynet/views.py:29]
2017-06-13 14:40:21,530 DEBUG: we are in the root [in /Users/Andrey/PycharmProjects/skynet/skynet/views.py:29]
2017-06-13 14:40:25,935 DEBUG: we are in the root [in /Users/Andrey/PycharmProjects/skynet/skynet/views.py:29]
2017-06-13 14:40:32,635 DEBUG: we are logged in [in /Users/Andrey/PycharmProjects/skynet/skynet/views.py:101]
2017-06-13 14:40:32,645 DEBUG: we are in the root [in /Users/Andrey/PycharmProjects/skynet/skynet/views.py:71]
2017-06-13 14:41:21,615 DEBUG: we are in the root [in /Users/Andrey/PycharmProjects/skynet/skynet/views.py:29]
2017-06-13 14:41:58,648 DEBUG: we are in the root [in /Users/Andrey/PycharmProjects/skynet/skynet/views.py:29]
2017-06-13 14:42:28,334 DEBUG: we are in the root [in /Users/Andrey/PycharmProjects/skynet/skynet/views.py:29]
2017-06-13 14:42:57,587 DEBUG: we are in the root [in /Users/Andrey/PycharmProjects/skynet/skynet/views.py:29]
2017-06-13 14:43:13,926 DEBUG: we are in the root [in /Users/Andrey/PycharmProjects/skynet/skynet/views.py:29]
2017-06-13 14:43:33,948 DEBUG: we are in the root [in /Users/Andrey/PycharmProjects/skynet/skynet/views.py:29]
2017-06-13 14:43:57,105 DEBUG: we are in the root [in /Users/Andrey/PycharmProjects/skynet/skynet/views.py:29]
2017-06-13 14:44:11,529 DEBUG: we are in the root [in /Users/Andrey/PycharmProjects/skynet/skynet/views.py:29]
2017-06-13 14:44:28,116 DEBUG: we are in the root [in /Users/Andrey/PycharmProjects/skynet/skynet/views.py:29]
2017-06-13 14:45:43,254 DEBUG: we are in the root [in /Users/Andrey/PycharmProjects/skynet/skynet/views.py:29]
2017-06-13 14:46:09,433 DEBUG: we are in the root [in /Users/Andrey/PycharmProjects/skynet/skynet/views.py:71]
2017-06-13 14:46:09,536 DEBUG: we are in the root [in /Users/Andrey/PycharmProjects/skynet/skynet/views.py:29]
2017-06-13 14:46:49,639 DEBUG: we are in the root [in /Users/Andrey/PycharmProjects/skynet/skynet/views.py:29]
2017-06-13 14:46:53,042 DEBUG: we are in the root [in /Users/Andrey/PycharmProjects/skynet/skynet/views.py:71]
2017-06-13 14:47:10,105 DEBUG: we are in the root [in /Users/Andrey/PycharmProjects/skynet/skynet/views.py:29]
2017-06-13 14:47:11,356 DEBUG: we are in the root [in /Users/Andrey/PycharmProjects/skynet/skynet/views.py:29]
2017-06-13 14:47:51,850 DEBUG: we are in the root [in /Users/Andrey/PycharmProjects/skynet/skynet/views.py:70]
2017-06-13 14:47:51,867 DEBUG: we are logged out [in /Users/Andrey/PycharmProjects/skynet/skynet/views.py:109]
2017-06-13 14:47:51,867 DEBUG: we are in the root [in /Users/Andrey/PycharmProjects/skynet/skynet/views.py:29]
2017-06-13 14:47:51,952 DEBUG: we are in the root [in /Users/Andrey/PycharmProjects/skynet/skynet/views.py:29]
2017-06-13 14:47:55,739 DEBUG: we are logged out [in /Users/Andrey/PycharmProjects/skynet/skynet/views.py:109]
2017-06-13 14:47:55,739 DEBUG: we are in the root [in /Users/Andrey/PycharmProjects/skynet/skynet/views.py:29]
2017-06-13 14:47:57,298 DEBUG: we are logged in [in /Users/Andrey/PycharmProjects/skynet/skynet/views.py:100]
2017-06-13 14:47:57,310 DEBUG: we are in the root [in /Users/Andrey/PycharmProjects/skynet/skynet/views.py:70]
2017-06-13 14:48:24,979 DEBUG: we are logged in [in /Users/Andrey/PycharmProjects/skynet/skynet/views.py:100]
2017-06-13 14:48:24,988 DEBUG: we are in the root [in /Users/Andrey/PycharmProjects/skynet/skynet/views.py:70]
2017-06-13 14:48:47,199 DEBUG: we are in the root [in /Users/Andrey/PycharmProjects/skynet/skynet/views.py:70]
2017-06-13 14:49:04,601 DEBUG: we are in the root [in /Users/Andrey/PycharmProjects/skynet/skynet/views.py:70]
2017-06-13 14:50:44,398 DEBUG: we are in the root [in /Users/Andrey/PycharmProjects/skynet/skynet/views.py:70]
2017-06-13 14:50:46,394 DEBUG: we are in the root [in /Users/Andrey/PycharmProjects/skynet/skynet/views.py:70]
2017-06-13 14:51:32,326 DEBUG: we are in the root [in /Users/Andrey/PycharmProjects/skynet/skynet/views.py:70]
2017-06-13 14:51:34,891 DEBUG: we are in the root [in /Users/Andrey/PycharmProjects/skynet/skynet/views.py:70]
2017-06-13 14:51:36,055 DEBUG: we are in the root [in /Users/Andrey/PycharmProjects/skynet/skynet/views.py:70]
2017-06-13 14:51:39,987 DEBUG: we are in the root [in /Users/Andrey/PycharmProjects/skynet/skynet/views.py:70]
2017-06-13 14:52:15,557 DEBUG: we are in the root [in /Users/Andrey/PycharmProjects/skynet/skynet/views.py:70]
2017-06-13 14:52:25,619 DEBUG: we are in the root [in /Users/Andrey/PycharmProjects/skynet/skynet/views.py:70]
2017-06-13 14:52:53,635 DEBUG: we are in the root [in /Users/Andrey/PycharmProjects/skynet/skynet/views.py:70]
2017-06-13 14:52:55,471 DEBUG: we are in the root [in /Users/Andrey/PycharmProjects/skynet/skynet/views.py:70]
2017-06-13 14:53:09,069 DEBUG: we are in the root [in /Users/Andrey/PycharmProjects/skynet/skynet/views.py:70]
2017-06-13 14:53:41,161 DEBUG: we are in the root [in /Users/Andrey/PycharmProjects/skynet/skynet/views.py:70]
2017-06-13 14:55:54,593 DEBUG: we are in the root [in /Users/Andrey/PycharmProjects/skynet/skynet/views.py:29]
2017-06-13 14:56:01,007 DEBUG: we are in the root [in /Users/Andrey/PycharmProjects/skynet/skynet/views.py:70]
2017-06-13 14:56:03,096 DEBUG: we are in the root [in /Users/Andrey/PycharmProjects/skynet/skynet/views.py:70]
2017-06-13 14:56:08,078 DEBUG: we are in the root [in /Users/Andrey/PycharmProjects/skynet/skynet/views.py:29]
2017-06-13 14:56:59,686 DEBUG: we are in the root [in /Users/Andrey/PycharmProjects/skynet/skynet/views.py:29]
2017-06-13 15:00:08,976 DEBUG: we are in the root [in /Users/Andrey/PycharmProjects/skynet/skynet/views.py:29]
2017-06-13 15:02:20,089 DEBUG: we are in the root [in /Users/Andrey/PycharmProjects/skynet/skynet/views.py:29]
2017-06-13 15:03:15,153 DEBUG: we are in the root [in /Users/Andrey/PycharmProjects/skynet/skynet/views.py:29]
2017-06-13 15:11:08,297 DEBUG: we are in the root [in /Users/Andrey/PycharmProjects/skynet/skynet/views.py:30]
2017-06-13 15:11:12,399 DEBUG: we are logged out [in /Users/Andrey/PycharmProjects/skynet/skynet/views.py:111]
2017-06-13 15:11:12,400 DEBUG: we are in the root [in /Users/Andrey/PycharmProjects/skynet/skynet/views.py:30]
2017-06-13 15:12:29,705 DEBUG: we are in the root [in /Users/Andrey/PycharmProjects/skynet/skynet/views.py:33]
2017-06-13 15:12:31,467 DEBUG: we are logged in [in /Users/Andrey/PycharmProjects/skynet/skynet/views.py:105]
2017-06-13 15:12:31,480 DEBUG: we are in the root [in /Users/Andrey/PycharmProjects/skynet/skynet/views.py:75]
2017-06-13 15:18:44,533 DEBUG: we are in the root [in /Users/Andrey/PycharmProjects/skynet/skynet/views.py:32]
2017-06-13 15:18:50,091 DEBUG: we are logged out [in /Users/Andrey/PycharmProjects/skynet/skynet/views.py:113]
2017-06-13 15:18:50,091 DEBUG: we are in the root [in /Users/Andrey/PycharmProjects/skynet/skynet/views.py:32]
2017-06-13 15:18:51,640 DEBUG: we are logged in [in /Users/Andrey/PycharmProjects/skynet/skynet/views.py:104]
2017-06-13 15:18:51,669 DEBUG: we are in the root [in /Users/Andrey/PycharmProjects/skynet/skynet/views.py:74]
2017-06-13 15:23:45,735 DEBUG: we are in the root [in /Users/Andrey/PycharmProjects/skynet/skynet/views.py:38]
2017-06-13 15:41:06,321 DEBUG: we are in the root [in /Users/Andrey/PycharmProjects/skynet/skynet/views.py:30]
2017-06-13 15:41:08,848 DEBUG: we are in the root [in /Users/Andrey/PycharmProjects/skynet/skynet/views.py:30]
2017-06-13 15:41:12,324 DEBUG: we are in the root [in /Users/Andrey/PycharmProjects/skynet/skynet/views.py:30]
2017-06-13 15:44:11,013 DEBUG: we are in the root [in /Users/Andrey/PycharmProjects/skynet/skynet/views.py:30]
2017-06-13 15:58:31,864 DEBUG: we are in the root [in /Users/Andrey/PycharmProjects/skynet/skynet/views.py:72]
2017-06-13 15:59:39,166 DEBUG: we are logged in [in /Users/Andrey/PycharmProjects/skynet/skynet/views.py:102]
2017-06-13 15:59:39,178 DEBUG: we are in the root [in /Users/Andrey/PycharmProjects/skynet/skynet/views.py:72]
2017-06-13 16:00:23,924 DEBUG: we are in the root [in /Users/Andrey/PycharmProjects/skynet/skynet/views.py:72]
2017-06-13 16:00:26,707 DEBUG: we are logged in [in /Users/Andrey/PycharmProjects/skynet/skynet/views.py:102]
2017-06-13 16:00:26,716 DEBUG: we are in the root [in /Users/Andrey/PycharmProjects/skynet/skynet/views.py:72]
2017-06-13 16:01:13,585 DEBUG: we are in the root [in /Users/Andrey/PycharmProjects/skynet/skynet/views.py:72]
2017-06-13 16:01:14,669 DEBUG: we are logged out [in /Users/Andrey/PycharmProjects/skynet/skynet/views.py:111]
2017-06-13 16:01:16,211 DEBUG: we are logged in [in /Users/Andrey/PycharmProjects/skynet/skynet/views.py:102]
2017-06-13 16:01:16,219 DEBUG: we are in the root [in /Users/Andrey/PycharmProjects/skynet/skynet/views.py:72]
2017-06-13 16:01:19,834 DEBUG: we are logged in [in /Users/Andrey/PycharmProjects/skynet/skynet/views.py:102]
2017-06-13 16:01:19,845 DEBUG: we are in the root [in /Users/Andrey/PycharmProjects/skynet/skynet/views.py:72]
2017-06-13 16:01:37,093 DEBUG: we are in the root [in /Users/Andrey/PycharmProjects/skynet/skynet/views.py:30]
2017-06-13 16:01:39,024 DEBUG: we are in the root [in /Users/Andrey/PycharmProjects/skynet/skynet/views.py:30]
2017-06-13 16:01:40,541 DEBUG: we are logged out [in /Users/Andrey/PycharmProjects/skynet/skynet/views.py:111]
2017-06-13 16:01:43,947 DEBUG: we are in the root [in /Users/Andrey/PycharmProjects/skynet/skynet/views.py:30]
2017-06-13 16:02:37,894 DEBUG: we are logged in [in /Users/Andrey/PycharmProjects/skynet/skynet/views.py:102]
2017-06-13 16:02:37,906 DEBUG: we are in the root [in /Users/Andrey/PycharmProjects/skynet/skynet/views.py:72]
2017-06-13 16:03:03,013 DEBUG: we are in the root [in /Users/Andrey/PycharmProjects/skynet/skynet/views.py:72]
2017-06-13 16:03:06,839 DEBUG: we are logged out [in /Users/Andrey/PycharmProjects/skynet/skynet/views.py:111]
2017-06-13 16:03:08,358 DEBUG: we are logged in [in /Users/Andrey/PycharmProjects/skynet/skynet/views.py:102]
2017-06-13 16:03:08,365 DEBUG: we are in the root [in /Users/Andrey/PycharmProjects/skynet/skynet/views.py:72]
2017-06-13 16:03:10,891 DEBUG: we are in the root [in /Users/Andrey/PycharmProjects/skynet/skynet/views.py:30]
2017-06-13 16:04:05,528 DEBUG: we are in the root [in /Users/Andrey/PycharmProjects/skynet/skynet/views.py:30]
2017-06-13 16:04:06,422 DEBUG: we are in the root [in /Users/Andrey/PycharmProjects/skynet/skynet/views.py:30]
2017-06-13 16:04:09,617 DEBUG: we are logged out [in /Users/Andrey/PycharmProjects/skynet/skynet/views.py:114]
2017-06-13 16:04:10,732 DEBUG: we are logged in [in /Users/Andrey/PycharmProjects/skynet/skynet/views.py:105]
2017-06-13 16:04:10,741 DEBUG: we are in the root [in /Users/Andrey/PycharmProjects/skynet/skynet/views.py:72]
2017-06-13 16:04:13,629 DEBUG: we are logged out [in /Users/Andrey/PycharmProjects/skynet/skynet/views.py:114]
2017-06-13 16:04:15,353 DEBUG: we are logged in [in /Users/Andrey/PycharmProjects/skynet/skynet/views.py:105]
2017-06-13 16:04:15,364 DEBUG: we are in the root [in /Users/Andrey/PycharmProjects/skynet/skynet/views.py:72]
2017-06-13 16:04:18,058 DEBUG: we are logged in [in /Users/Andrey/PycharmProjects/skynet/skynet/views.py:105]
2017-06-13 16:04:18,068 DEBUG: we are in the root [in /Users/Andrey/PycharmProjects/skynet/skynet/views.py:72]
2017-06-13 16:04:20,154 DEBUG: we are logged out [in /Users/Andrey/PycharmProjects/skynet/skynet/views.py:114]
2017-06-13 16:04:22,516 DEBUG: we are in the root [in /Users/Andrey/PycharmProjects/skynet/skynet/views.py:30]
2017-06-13 16:04:24,832 DEBUG: we are in the root [in /Users/Andrey/PycharmProjects/skynet/skynet/views.py:30]
